08-Sep-2022 13:22:30.251 정보 [main] org.apache.catalina.startup.VersionLoggerListener.log 서버 버전 이름:    Apache Tomcat/8.5.82
08-Sep-2022 13:22:30.259 정보 [main] org.apache.catalina.startup.VersionLoggerListener.log Server 빌드 시각:  Aug 8 2022 21:26:07 UTC
08-Sep-2022 13:22:30.259 정보 [main] org.apache.catalina.startup.VersionLoggerListener.log Server 버전 번호:  8.5.82.0
08-Sep-2022 13:22:30.259 정보 [main] org.apache.catalina.startup.VersionLoggerListener.log 운영체제 이름:     Windows 10
08-Sep-2022 13:22:30.259 정보 [main] org.apache.catalina.startup.VersionLoggerListener.log 운영체제 버전:     10.0
08-Sep-2022 13:22:30.260 정보 [main] org.apache.catalina.startup.VersionLoggerListener.log 아키텍처:          amd64
08-Sep-2022 13:22:30.260 정보 [main] org.apache.catalina.startup.VersionLoggerListener.log 자바 홈:           C:\Program Files\Java\jdk1.8.0_281\jre
08-Sep-2022 13:22:30.260 정보 [main] org.apache.catalina.startup.VersionLoggerListener.log JVM 버전:          1.8.0_281-b09
08-Sep-2022 13:22:30.260 정보 [main] org.apache.catalina.startup.VersionLoggerListener.log JVM 벤더:          Oracle Corporation
08-Sep-2022 13:22:30.261 정보 [main] org.apache.catalina.startup.VersionLoggerListener.log CATALINA_BASE:     C:\JSP\apache-tomcat-8.5.82
08-Sep-2022 13:22:30.261 정보 [main] org.apache.catalina.startup.VersionLoggerListener.log CATALINA_HOME:     C:\JSP\apache-tomcat-8.5.82
08-Sep-2022 13:22:30.265 정보 [main] org.apache.catalina.startup.VersionLoggerListener.log 명령 행 아규먼트:  -Djava.util.logging.config.file=C:\JSP\apache-tomcat-8.5.82\conf\logging.properties
08-Sep-2022 13:22:30.266 정보 [main] org.apache.catalina.startup.VersionLoggerListener.log 명령 행 아규먼트:  -Djava.util.logging.manager=org.apache.juli.ClassLoaderLogManager
08-Sep-2022 13:22:30.267 정보 [main] org.apache.catalina.startup.VersionLoggerListener.log 명령 행 아규먼트:  -Djdk.tls.ephemeralDHKeySize=2048
08-Sep-2022 13:22:30.268 정보 [main] org.apache.catalina.startup.VersionLoggerListener.log 명령 행 아규먼트:  -Djava.protocol.handler.pkgs=org.apache.catalina.webresources
08-Sep-2022 13:22:30.270 정보 [main] org.apache.catalina.startup.VersionLoggerListener.log 명령 행 아규먼트:  -Dignore.endorsed.dirs=
08-Sep-2022 13:22:30.271 정보 [main] org.apache.catalina.startup.VersionLoggerListener.log 명령 행 아규먼트:  -Dcatalina.base=C:\JSP\apache-tomcat-8.5.82
08-Sep-2022 13:22:30.273 정보 [main] org.apache.catalina.startup.VersionLoggerListener.log 명령 행 아규먼트:  -Dcatalina.home=C:\JSP\apache-tomcat-8.5.82
08-Sep-2022 13:22:30.274 정보 [main] org.apache.catalina.startup.VersionLoggerListener.log 명령 행 아규먼트:  -Djava.io.tmpdir=C:\JSP\apache-tomcat-8.5.82\temp
08-Sep-2022 13:22:30.275 정보 [main] org.apache.catalina.core.AprLifecycleListener.lifecycleEvent APR 버전 [1.7.0]을(를) 사용한, APR 기반 Apache Tomcat Native 라이브러리 [1.2.35]을(를) 로드했습니다.
08-Sep-2022 13:22:30.277 정보 [main] org.apache.catalina.core.AprLifecycleListener.lifecycleEvent APR 용량정보들: IPv6 [true], sendfile [true], accept filters [false], random [true], UDS [{4}].
08-Sep-2022 13:22:30.279 정보 [main] org.apache.catalina.core.AprLifecycleListener.lifecycleEvent APR/OpenSSL 설정: useAprConnector [false], useOpenSSL [true]
08-Sep-2022 13:22:30.289 정보 [main] org.apache.catalina.core.AprLifecycleListener.initializeSSL OpenSSL이 성공적으로 초기화되었습니다: [OpenSSL 1.1.1q  5 Jul 2022]
08-Sep-2022 13:22:30.444 정보 [main] org.apache.coyote.AbstractProtocol.init 프로토콜 핸들러 ["http-nio-8080"]을(를) 초기화합니다.
08-Sep-2022 13:22:30.470 정보 [main] org.apache.catalina.startup.Catalina.load Initialization processed in 581 ms
08-Sep-2022 13:22:30.498 정보 [main] org.apache.catalina.core.StandardService.startInternal 서비스 [Catalina]을(를) 시작합니다.
08-Sep-2022 13:22:30.501 정보 [main] org.apache.catalina.core.StandardEngine.startInternal 서버 엔진을 시작합니다: [Apache Tomcat/8.5.82]
08-Sep-2022 13:22:30.514 정보 [localhost-startStop-1] org.apache.catalina.startup.HostConfig.deployDirectory 웹 애플리케이션 디렉토리 [C:\JSP\apache-tomcat-8.5.82\webapps\docs]을(를) 배치합니다.
08-Sep-2022 13:22:30.946 경고 [localhost-startStop-1] org.apache.catalina.util.SessionIdGeneratorBase.createSecureRandom [SHA1PRNG] 알고리즘을 사용하여, 세션 ID를 생성하기 위한 SecureRandom 객체를 생성하는데, [239] 밀리초가 소요됐습니다.
08-Sep-2022 13:22:30.970 정보 [localhost-startStop-1] org.apache.catalina.startup.HostConfig.deployDirectory 웹 애플리케이션 디렉토리 [C:\JSP\apache-tomcat-8.5.82\webapps\docs]에 대한 배치가 [456] 밀리초에 완료되었습니다.
08-Sep-2022 13:22:30.972 정보 [localhost-startStop-1] org.apache.catalina.startup.HostConfig.deployDirectory 웹 애플리케이션 디렉토리 [C:\JSP\apache-tomcat-8.5.82\webapps\examples]을(를) 배치합니다.
08-Sep-2022 13:22:31.451 정보 [localhost-startStop-1] org.apache.catalina.startup.HostConfig.deployDirectory 웹 애플리케이션 디렉토리 [C:\JSP\apache-tomcat-8.5.82\webapps\examples]에 대한 배치가 [479] 밀리초에 완료되었습니다.
08-Sep-2022 13:22:31.454 정보 [localhost-startStop-1] org.apache.catalina.startup.HostConfig.deployDirectory 웹 애플리케이션 디렉토리 [C:\JSP\apache-tomcat-8.5.82\webapps\host-manager]을(를) 배치합니다.
08-Sep-2022 13:22:31.485 정보 [localhost-startStop-1] org.apache.catalina.startup.HostConfig.deployDirectory 웹 애플리케이션 디렉토리 [C:\JSP\apache-tomcat-8.5.82\webapps\host-manager]에 대한 배치가 [30] 밀리초에 완료되었습니다.
08-Sep-2022 13:22:31.487 정보 [localhost-startStop-1] org.apache.catalina.startup.HostConfig.deployDirectory 웹 애플리케이션 디렉토리 [C:\JSP\apache-tomcat-8.5.82\webapps\manager]을(를) 배치합니다.
08-Sep-2022 13:22:31.513 정보 [localhost-startStop-1] org.apache.catalina.startup.HostConfig.deployDirectory 웹 애플리케이션 디렉토리 [C:\JSP\apache-tomcat-8.5.82\webapps\manager]에 대한 배치가 [26] 밀리초에 완료되었습니다.
08-Sep-2022 13:22:31.515 정보 [localhost-startStop-1] org.apache.catalina.startup.HostConfig.deployDirectory 웹 애플리케이션 디렉토리 [C:\JSP\apache-tomcat-8.5.82\webapps\ROOT]을(를) 배치합니다.
08-Sep-2022 13:22:31.536 정보 [localhost-startStop-1] org.apache.catalina.startup.HostConfig.deployDirectory 웹 애플리케이션 디렉토리 [C:\JSP\apache-tomcat-8.5.82\webapps\ROOT]에 대한 배치가 [21] 밀리초에 완료되었습니다.
08-Sep-2022 13:22:31.540 정보 [main] org.apache.coyote.AbstractProtocol.start 프로토콜 핸들러 ["http-nio-8080"]을(를) 시작합니다.
08-Sep-2022 13:22:31.564 정보 [main] org.apache.catalina.startup.Catalina.start Server startup in 1093 ms
